running egg_info
writing ../../build/rrpr_controller/rrpr_controller.egg-info/PKG-INFO
writing dependency_links to ../../build/rrpr_controller/rrpr_controller.egg-info/dependency_links.txt
writing entry points to ../../build/rrpr_controller/rrpr_controller.egg-info/entry_points.txt
writing requirements to ../../build/rrpr_controller/rrpr_controller.egg-info/requires.txt
writing top-level names to ../../build/rrpr_controller/rrpr_controller.egg-info/top_level.txt
reading manifest file '../../build/rrpr_controller/rrpr_controller.egg-info/SOURCES.txt'
writing manifest file '../../build/rrpr_controller/rrpr_controller.egg-info/SOURCES.txt'
running build
running build_py
copying rrpr_controller/controller.py -> /home/user/rrpr_ws/build/rrpr_controller/build/lib/rrpr_controller
running install
running install_lib
copying /home/user/rrpr_ws/build/rrpr_controller/build/lib/rrpr_controller/controller.py -> /home/user/rrpr_ws/install/rrpr_controller/lib/python3.10/site-packages/rrpr_controller
byte-compiling /home/user/rrpr_ws/install/rrpr_controller/lib/python3.10/site-packages/rrpr_controller/controller.py to controller.cpython-310.pyc
running install_data
running install_egg_info
removing '/home/user/rrpr_ws/install/rrpr_controller/lib/python3.10/site-packages/rrpr_controller-0.0.0-py3.10.egg-info' (and everything under it)
Copying ../../build/rrpr_controller/rrpr_controller.egg-info to /home/user/rrpr_ws/install/rrpr_controller/lib/python3.10/site-packages/rrpr_controller-0.0.0-py3.10.egg-info
running install_scripts
Installing controller script to /home/user/rrpr_ws/install/rrpr_controller/lib/rrpr_controller
writing list of installed files to '/home/user/rrpr_ws/build/rrpr_controller/install.log'
