[0.171s] Invoking command in '/home/user/rrpr_ws/build/rrpr_description': CMAKE_PREFIX_PATH=${CMAKE_PREFIX_PATH}:/home/user/rrpr_ws/install/rrpr_controller:/opt/ros/humble /usr/bin/cmake --build /home/user/rrpr_ws/build/rrpr_description -- -j4 -l4
[0.201s] Invoked command in '/home/user/rrpr_ws/build/rrpr_description' returned '0': CMAKE_PREFIX_PATH=${CMAKE_PREFIX_PATH}:/home/user/rrpr_ws/install/rrpr_controller:/opt/ros/humble /usr/bin/cmake --build /home/user/rrpr_ws/build/rrpr_description -- -j4 -l4
[0.208s] Invoking command in '/home/user/rrpr_ws/build/rrpr_description': CMAKE_PREFIX_PATH=${CMAKE_PREFIX_PATH}:/home/user/rrpr_ws/install/rrpr_controller:/opt/ros/humble /usr/bin/cmake --install /home/user/rrpr_ws/build/rrpr_description
[0.213s] -- Install configuration: ""
[0.213s] -- Up-to-date: /home/user/rrpr_ws/install/rrpr_description/share/ament_index/resource_index/package_run_dependencies/rrpr_description
[0.213s] -- Up-to-date: /home/user/rrpr_ws/install/rrpr_description/share/ament_index/resource_index/parent_prefix_path/rrpr_description
[0.213s] -- Up-to-date: /home/user/rrpr_ws/install/rrpr_description/share/rrpr_description/environment/ament_prefix_path.sh
[0.214s] -- Up-to-date: /home/user/rrpr_ws/install/rrpr_description/share/rrpr_description/environment/ament_prefix_path.dsv
[0.214s] -- Up-to-date: /home/user/rrpr_ws/install/rrpr_description/share/rrpr_description/environment/path.sh
[0.214s] -- Up-to-date: /home/user/rrpr_ws/install/rrpr_description/share/rrpr_description/environment/path.dsv
[0.214s] -- Up-to-date: /home/user/rrpr_ws/install/rrpr_description/share/rrpr_description/local_setup.bash
[0.214s] -- Up-to-date: /home/user/rrpr_ws/install/rrpr_description/share/rrpr_description/local_setup.sh
[0.214s] -- Up-to-date: /home/user/rrpr_ws/install/rrpr_description/share/rrpr_description/local_setup.zsh
[0.214s] -- Up-to-date: /home/user/rrpr_ws/install/rrpr_description/share/rrpr_description/local_setup.dsv
[0.214s] -- Installing: /home/user/rrpr_ws/install/rrpr_description/share/rrpr_description/package.dsv
[0.214s] -- Up-to-date: /home/user/rrpr_ws/install/rrpr_description/share/ament_index/resource_index/packages/rrpr_description
[0.214s] -- Up-to-date: /home/user/rrpr_ws/install/rrpr_description/share/rrpr_description/cmake/rrpr_descriptionConfig.cmake
[0.214s] -- Up-to-date: /home/user/rrpr_ws/install/rrpr_description/share/rrpr_description/cmake/rrpr_descriptionConfig-version.cmake
[0.214s] -- Up-to-date: /home/user/rrpr_ws/install/rrpr_description/share/rrpr_description/package.xml
[0.216s] Invoked command in '/home/user/rrpr_ws/build/rrpr_description' returned '0': CMAKE_PREFIX_PATH=${CMAKE_PREFIX_PATH}:/home/user/rrpr_ws/install/rrpr_controller:/opt/ros/humble /usr/bin/cmake --install /home/user/rrpr_ws/build/rrpr_description
