[0.006s] Invoking command in '/home/user/rrpr_ws/build/rrpr_description': CMAKE_PREFIX_PATH=/opt/ros/humble /usr/bin/cmake /home/user/rrpr_ws/src/rrpr_description -DCMAKE_INSTALL_PREFIX=/home/user/rrpr_ws/install/rrpr_description
[0.147s] -- The C compiler identification is GNU 11.4.0
[0.231s] -- The CXX compiler identification is GNU 11.4.0
[0.242s] -- Detecting C compiler ABI info
[0.295s] -- Detecting C compiler ABI info - done
[0.300s] -- Check for working C compiler: /usr/bin/cc - skipped
[0.301s] -- Detecting C compile features
[0.302s] -- Detecting C compile features - done
[0.305s] -- Detecting CXX compiler ABI info
[0.363s] -- Detecting CXX compiler ABI info - done
[0.368s] -- Check for working CXX compiler: /usr/bin/c++ - skipped
[0.369s] -- Detecting CXX compile features
[0.369s] -- Detecting CXX compile features - done
[0.376s] -- Found ament_cmake: 1.3.12 (/opt/ros/humble/share/ament_cmake/cmake)
[0.489s] -- Found Python3: /usr/bin/python3 (found version "3.10.12") found components: Interpreter 
[0.576s] -- Found ament_lint_auto: 0.12.14 (/opt/ros/humble/share/ament_lint_auto/cmake)
[0.640s] -- Added test 'lint_cmake' to check CMake code style
[0.641s] -- Added test 'xmllint' to check XML markup files
[0.643s] -- Configuring done
[0.645s] -- Generating done
[0.646s] -- Build files have been written to: /home/user/rrpr_ws/build/rrpr_description
[0.650s] Invoked command in '/home/user/rrpr_ws/build/rrpr_description' returned '0': CMAKE_PREFIX_PATH=/opt/ros/humble /usr/bin/cmake /home/user/rrpr_ws/src/rrpr_description -DCMAKE_INSTALL_PREFIX=/home/user/rrpr_ws/install/rrpr_description
[0.651s] Invoking command in '/home/user/rrpr_ws/build/rrpr_description': CMAKE_PREFIX_PATH=/opt/ros/humble /usr/bin/cmake --build /home/user/rrpr_ws/build/rrpr_description -- -j4 -l4
[0.678s] Invoked command in '/home/user/rrpr_ws/build/rrpr_description' returned '0': CMAKE_PREFIX_PATH=/opt/ros/humble /usr/bin/cmake --build /home/user/rrpr_ws/build/rrpr_description -- -j4 -l4
[0.684s] Invoking command in '/home/user/rrpr_ws/build/rrpr_description': CMAKE_PREFIX_PATH=/opt/ros/humble /usr/bin/cmake --install /home/user/rrpr_ws/build/rrpr_description
[0.688s] -- Install configuration: ""
[0.689s] -- Installing: /home/user/rrpr_ws/install/rrpr_description/share/ament_index/resource_index/package_run_dependencies/rrpr_description
[0.689s] -- Installing: /home/user/rrpr_ws/install/rrpr_description/share/ament_index/resource_index/parent_prefix_path/rrpr_description
[0.689s] -- Installing: /home/user/rrpr_ws/install/rrpr_description/share/rrpr_description/environment/ament_prefix_path.sh
[0.689s] -- Installing: /home/user/rrpr_ws/install/rrpr_description/share/rrpr_description/environment/ament_prefix_path.dsv
[0.689s] -- Installing: /home/user/rrpr_ws/install/rrpr_description/share/rrpr_description/environment/path.sh
[0.689s] -- Installing: /home/user/rrpr_ws/install/rrpr_description/share/rrpr_description/environment/path.dsv
[0.689s] -- Installing: /home/user/rrpr_ws/install/rrpr_description/share/rrpr_description/local_setup.bash
[0.689s] -- Installing: /home/user/rrpr_ws/install/rrpr_description/share/rrpr_description/local_setup.sh
[0.689s] -- Installing: /home/user/rrpr_ws/install/rrpr_description/share/rrpr_description/local_setup.zsh
[0.689s] -- Installing: /home/user/rrpr_ws/install/rrpr_description/share/rrpr_description/local_setup.dsv
[0.690s] -- Installing: /home/user/rrpr_ws/install/rrpr_description/share/rrpr_description/package.dsv
[0.690s] -- Installing: /home/user/rrpr_ws/install/rrpr_description/share/ament_index/resource_index/packages/rrpr_description
[0.690s] -- Installing: /home/user/rrpr_ws/install/rrpr_description/share/rrpr_description/cmake/rrpr_descriptionConfig.cmake
[0.690s] -- Installing: /home/user/rrpr_ws/install/rrpr_description/share/rrpr_description/cmake/rrpr_descriptionConfig-version.cmake
[0.690s] -- Installing: /home/user/rrpr_ws/install/rrpr_description/share/rrpr_description/package.xml
[0.691s] Invoked command in '/home/user/rrpr_ws/build/rrpr_description' returned '0': CMAKE_PREFIX_PATH=/opt/ros/humble /usr/bin/cmake --install /home/user/rrpr_ws/build/rrpr_description
