running egg_info
creating ../../build/rrpr_controller/rrpr_controller.egg-info
writing ../../build/rrpr_controller/rrpr_controller.egg-info/PKG-INFO
writing dependency_links to ../../build/rrpr_controller/rrpr_controller.egg-info/dependency_links.txt
writing entry points to ../../build/rrpr_controller/rrpr_controller.egg-info/entry_points.txt
writing requirements to ../../build/rrpr_controller/rrpr_controller.egg-info/requires.txt
writing top-level names to ../../build/rrpr_controller/rrpr_controller.egg-info/top_level.txt
writing manifest file '../../build/rrpr_controller/rrpr_controller.egg-info/SOURCES.txt'
reading manifest file '../../build/rrpr_controller/rrpr_controller.egg-info/SOURCES.txt'
writing manifest file '../../build/rrpr_controller/rrpr_controller.egg-info/SOURCES.txt'
running build
running build_py
creating /home/user/rrpr_ws/build/rrpr_controller/build
creating /home/user/rrpr_ws/build/rrpr_controller/build/lib
creating /home/user/rrpr_ws/build/rrpr_controller/build/lib/rrpr_controller
copying rrpr_controller/__init__.py -> /home/user/rrpr_ws/build/rrpr_controller/build/lib/rrpr_controller
copying rrpr_controller/controller.py -> /home/user/rrpr_ws/build/rrpr_controller/build/lib/rrpr_controller
running install
running install_lib
creating /home/user/rrpr_ws/install/rrpr_controller/lib/python3.10/site-packages/rrpr_controller
copying /home/user/rrpr_ws/build/rrpr_controller/build/lib/rrpr_controller/__init__.py -> /home/user/rrpr_ws/install/rrpr_controller/lib/python3.10/site-packages/rrpr_controller
copying /home/user/rrpr_ws/build/rrpr_controller/build/lib/rrpr_controller/controller.py -> /home/user/rrpr_ws/install/rrpr_controller/lib/python3.10/site-packages/rrpr_controller
byte-compiling /home/user/rrpr_ws/install/rrpr_controller/lib/python3.10/site-packages/rrpr_controller/__init__.py to __init__.cpython-310.pyc
byte-compiling /home/user/rrpr_ws/install/rrpr_controller/lib/python3.10/site-packages/rrpr_controller/controller.py to controller.cpython-310.pyc
running install_data
creating /home/user/rrpr_ws/install/rrpr_controller/share/ament_index
creating /home/user/rrpr_ws/install/rrpr_controller/share/ament_index/resource_index
creating /home/user/rrpr_ws/install/rrpr_controller/share/ament_index/resource_index/packages
copying resource/rrpr_controller -> /home/user/rrpr_ws/install/rrpr_controller/share/ament_index/resource_index/packages
copying package.xml -> /home/user/rrpr_ws/install/rrpr_controller/share/rrpr_controller
running install_egg_info
Copying ../../build/rrpr_controller/rrpr_controller.egg-info to /home/user/rrpr_ws/install/rrpr_controller/lib/python3.10/site-packages/rrpr_controller-0.0.0-py3.10.egg-info
running install_scripts
Installing controller script to /home/user/rrpr_ws/install/rrpr_controller/lib/rrpr_controller
writing list of installed files to '/home/user/rrpr_ws/build/rrpr_controller/install.log'
