[0.457s] Invoking command in '/home/user/rrpr_ws/src/rrpr_controller': PYTHONPATH=/home/user/rrpr_ws/build/rrpr_controller/prefix_override:/usr/lib/python3/dist-packages/colcon_core/task/python/colcon_distutils_commands:/home/user/rrpr_ws/install/rrpr_controller/lib/python3.10/site-packages:${PYTHONPATH} /usr/bin/python3 -W ignore:setup.py install is deprecated -W ignore:easy_install command is deprecated setup.py egg_info --egg-base ../../build/rrpr_controller build --build-base /home/user/rrpr_ws/build/rrpr_controller/build install --record /home/user/rrpr_ws/build/rrpr_controller/install.log --single-version-externally-managed install_data
[0.605s] running egg_info
[0.605s] creating ../../build/rrpr_controller/rrpr_controller.egg-info
[0.605s] writing ../../build/rrpr_controller/rrpr_controller.egg-info/PKG-INFO
[0.605s] writing dependency_links to ../../build/rrpr_controller/rrpr_controller.egg-info/dependency_links.txt
[0.606s] writing entry points to ../../build/rrpr_controller/rrpr_controller.egg-info/entry_points.txt
[0.606s] writing requirements to ../../build/rrpr_controller/rrpr_controller.egg-info/requires.txt
[0.606s] writing top-level names to ../../build/rrpr_controller/rrpr_controller.egg-info/top_level.txt
[0.606s] writing manifest file '../../build/rrpr_controller/rrpr_controller.egg-info/SOURCES.txt'
[0.607s] reading manifest file '../../build/rrpr_controller/rrpr_controller.egg-info/SOURCES.txt'
[0.607s] writing manifest file '../../build/rrpr_controller/rrpr_controller.egg-info/SOURCES.txt'
[0.607s] running build
[0.607s] running build_py
[0.608s] creating /home/user/rrpr_ws/build/rrpr_controller/build
[0.608s] creating /home/user/rrpr_ws/build/rrpr_controller/build/lib
[0.608s] creating /home/user/rrpr_ws/build/rrpr_controller/build/lib/rrpr_controller
[0.608s] copying rrpr_controller/__init__.py -> /home/user/rrpr_ws/build/rrpr_controller/build/lib/rrpr_controller
[0.608s] copying rrpr_controller/controller.py -> /home/user/rrpr_ws/build/rrpr_controller/build/lib/rrpr_controller
[0.608s] running install
[0.608s] running install_lib
[0.609s] creating /home/user/rrpr_ws/install/rrpr_controller/lib/python3.10/site-packages/rrpr_controller
[0.609s] copying /home/user/rrpr_ws/build/rrpr_controller/build/lib/rrpr_controller/__init__.py -> /home/user/rrpr_ws/install/rrpr_controller/lib/python3.10/site-packages/rrpr_controller
[0.609s] copying /home/user/rrpr_ws/build/rrpr_controller/build/lib/rrpr_controller/controller.py -> /home/user/rrpr_ws/install/rrpr_controller/lib/python3.10/site-packages/rrpr_controller
[0.609s] byte-compiling /home/user/rrpr_ws/install/rrpr_controller/lib/python3.10/site-packages/rrpr_controller/__init__.py to __init__.cpython-310.pyc
[0.609s] byte-compiling /home/user/rrpr_ws/install/rrpr_controller/lib/python3.10/site-packages/rrpr_controller/controller.py to controller.cpython-310.pyc
[0.609s] running install_data
[0.610s] creating /home/user/rrpr_ws/install/rrpr_controller/share/ament_index
[0.610s] creating /home/user/rrpr_ws/install/rrpr_controller/share/ament_index/resource_index
[0.610s] creating /home/user/rrpr_ws/install/rrpr_controller/share/ament_index/resource_index/packages
[0.610s] copying resource/rrpr_controller -> /home/user/rrpr_ws/install/rrpr_controller/share/ament_index/resource_index/packages
[0.610s] copying package.xml -> /home/user/rrpr_ws/install/rrpr_controller/share/rrpr_controller
[0.610s] running install_egg_info
[0.611s] Copying ../../build/rrpr_controller/rrpr_controller.egg-info to /home/user/rrpr_ws/install/rrpr_controller/lib/python3.10/site-packages/rrpr_controller-0.0.0-py3.10.egg-info
[0.611s] running install_scripts
[0.626s] Installing controller script to /home/user/rrpr_ws/install/rrpr_controller/lib/rrpr_controller
[0.626s] writing list of installed files to '/home/user/rrpr_ws/build/rrpr_controller/install.log'
[0.647s] Invoked command in '/home/user/rrpr_ws/src/rrpr_controller' returned '0': PYTHONPATH=/home/user/rrpr_ws/build/rrpr_controller/prefix_override:/usr/lib/python3/dist-packages/colcon_core/task/python/colcon_distutils_commands:/home/user/rrpr_ws/install/rrpr_controller/lib/python3.10/site-packages:${PYTHONPATH} /usr/bin/python3 -W ignore:setup.py install is deprecated -W ignore:easy_install command is deprecated setup.py egg_info --egg-base ../../build/rrpr_controller build --build-base /home/user/rrpr_ws/build/rrpr_controller/build install --record /home/user/rrpr_ws/build/rrpr_controller/install.log --single-version-externally-managed install_data
