[0.385s] Invoking command in '/home/user/rrpr_ws/src/rrpr_controller': PYTHONPATH=/home/user/rrpr_ws/build/rrpr_controller/prefix_override:/usr/lib/python3/dist-packages/colcon_core/task/python/colcon_distutils_commands:/home/user/rrpr_ws/install/rrpr_controller/lib/python3.10/site-packages:${PYTHONPATH} /usr/bin/python3 -W ignore:setup.py install is deprecated -W ignore:easy_install command is deprecated setup.py egg_info --egg-base ../../build/rrpr_controller build --build-base /home/user/rrpr_ws/build/rrpr_controller/build install --record /home/user/rrpr_ws/build/rrpr_controller/install.log --single-version-externally-managed install_data
[0.525s] running egg_info
[0.526s] writing ../../build/rrpr_controller/rrpr_controller.egg-info/PKG-INFO
[0.526s] writing dependency_links to ../../build/rrpr_controller/rrpr_controller.egg-info/dependency_links.txt
[0.526s] writing entry points to ../../build/rrpr_controller/rrpr_controller.egg-info/entry_points.txt
[0.526s] writing requirements to ../../build/rrpr_controller/rrpr_controller.egg-info/requires.txt
[0.527s] writing top-level names to ../../build/rrpr_controller/rrpr_controller.egg-info/top_level.txt
[0.528s] reading manifest file '../../build/rrpr_controller/rrpr_controller.egg-info/SOURCES.txt'
[0.528s] writing manifest file '../../build/rrpr_controller/rrpr_controller.egg-info/SOURCES.txt'
[0.528s] running build
[0.528s] running build_py
[0.529s] running install
[0.529s] running install_lib
[0.530s] running install_data
[0.530s] running install_egg_info
[0.531s] removing '/home/user/rrpr_ws/install/rrpr_controller/lib/python3.10/site-packages/rrpr_controller-0.0.0-py3.10.egg-info' (and everything under it)
[0.531s] Copying ../../build/rrpr_controller/rrpr_controller.egg-info to /home/user/rrpr_ws/install/rrpr_controller/lib/python3.10/site-packages/rrpr_controller-0.0.0-py3.10.egg-info
[0.532s] running install_scripts
[0.547s] Installing controller script to /home/user/rrpr_ws/install/rrpr_controller/lib/rrpr_controller
[0.547s] writing list of installed files to '/home/user/rrpr_ws/build/rrpr_controller/install.log'
[0.566s] Invoked command in '/home/user/rrpr_ws/src/rrpr_controller' returned '0': PYTHONPATH=/home/user/rrpr_ws/build/rrpr_controller/prefix_override:/usr/lib/python3/dist-packages/colcon_core/task/python/colcon_distutils_commands:/home/user/rrpr_ws/install/rrpr_controller/lib/python3.10/site-packages:${PYTHONPATH} /usr/bin/python3 -W ignore:setup.py install is deprecated -W ignore:easy_install command is deprecated setup.py egg_info --egg-base ../../build/rrpr_controller build --build-base /home/user/rrpr_ws/build/rrpr_controller/build install --record /home/user/rrpr_ws/build/rrpr_controller/install.log --single-version-externally-managed install_data
