[0.148s] DEBUG:colcon:Command line arguments: ['/usr/bin/colcon', 'build']
[0.148s] DEBUG:colcon:Parsed command line arguments: Namespace(log_base=None, log_level=None, verb_name='build', build_base='build', install_base='install', merge_install=False, symlink_install=False, test_result_base=None, continue_on_error=False, executor='parallel', parallel_workers=4, event_handlers=None, ignore_user_meta=False, metas=['./colcon.meta'], base_paths=['.'], packages_ignore=None, packages_ignore_regex=None, paths=None, packages_up_to=None, packages_up_to_regex=None, packages_above=None, packages_above_and_dependencies=None, packages_above_depth=None, packages_select_by_dep=None, packages_skip_by_dep=None, packages_skip_up_to=None, packages_select_build_failed=False, packages_skip_build_finished=False, packages_select_test_failures=False, packages_skip_test_passed=False, packages_select=None, packages_skip=None, packages_select_regex=None, packages_skip_regex=None, packages_start=None, packages_end=None, allow_overriding=[], cmake_args=None, cmake_target=None, cmake_target_skip_unavailable=False, cmake_clean_cache=False, cmake_clean_first=False, cmake_force_configure=False, ament_cmake_args=None, catkin_cmake_args=None, catkin_skip_building_tests=False, verb_parser=<colcon_defaults.argument_parser.defaults.DefaultArgumentsDecorator object at 0x7f584a82ba90>, verb_extension=<colcon_core.verb.build.BuildVerb object at 0x7f584a82b4c0>, main=<bound method BuildVerb.main of <colcon_core.verb.build.BuildVerb object at 0x7f584a82b4c0>>)
[0.406s] Level 1:colcon.colcon_core.package_discovery:discover_packages(colcon_meta) check parameters
[0.406s] Level 1:colcon.colcon_core.package_discovery:discover_packages(recursive) check parameters
[0.406s] Level 1:colcon.colcon_core.package_discovery:discover_packages(ignore) check parameters
[0.406s] Level 1:colcon.colcon_core.package_discovery:discover_packages(path) check parameters
[0.406s] Level 1:colcon.colcon_core.package_discovery:discover_packages(colcon_meta) discover
[0.406s] Level 1:colcon.colcon_core.package_discovery:discover_packages(recursive) discover
[0.406s] INFO:colcon.colcon_core.package_discovery:Crawling recursively for packages in '/home/user/rrpr_ws'
[0.406s] Level 1:colcon.colcon_core.package_identification:_identify(.) by extensions ['ignore', 'ignore_ament_install']
[0.407s] Level 1:colcon.colcon_core.package_identification:_identify(.) by extension 'ignore'
[0.407s] Level 1:colcon.colcon_core.package_identification:_identify(.) by extension 'ignore_ament_install'
[0.407s] Level 1:colcon.colcon_core.package_identification:_identify(.) by extensions ['colcon_pkg']
[0.407s] Level 1:colcon.colcon_core.package_identification:_identify(.) by extension 'colcon_pkg'
[0.407s] Level 1:colcon.colcon_core.package_identification:_identify(.) by extensions ['colcon_meta']
[0.407s] Level 1:colcon.colcon_core.package_identification:_identify(.) by extension 'colcon_meta'
[0.407s] Level 1:colcon.colcon_core.package_identification:_identify(.) by extensions ['ros']
[0.407s] Level 1:colcon.colcon_core.package_identification:_identify(.) by extension 'ros'
[0.415s] Level 1:colcon.colcon_core.package_identification:_identify(.) by extensions ['cmake', 'python']
[0.415s] Level 1:colcon.colcon_core.package_identification:_identify(.) by extension 'cmake'
[0.415s] Level 1:colcon.colcon_core.package_identification:_identify(.) by extension 'python'
[0.415s] Level 1:colcon.colcon_core.package_identification:_identify(.) by extensions ['python_setup_py']
[0.415s] Level 1:colcon.colcon_core.package_identification:_identify(.) by extension 'python_setup_py'
[0.415s] Level 1:colcon.colcon_core.package_identification:_identify(build) by extensions ['ignore', 'ignore_ament_install']
[0.415s] Level 1:colcon.colcon_core.package_identification:_identify(build) by extension 'ignore'
[0.415s] Level 1:colcon.colcon_core.package_identification:_identify(build) ignored
[0.415s] Level 1:colcon.colcon_core.package_identification:_identify(install) by extensions ['ignore', 'ignore_ament_install']
[0.415s] Level 1:colcon.colcon_core.package_identification:_identify(install) by extension 'ignore'
[0.415s] Level 1:colcon.colcon_core.package_identification:_identify(install) ignored
[0.415s] Level 1:colcon.colcon_core.package_identification:_identify(log) by extensions ['ignore', 'ignore_ament_install']
[0.415s] Level 1:colcon.colcon_core.package_identification:_identify(log) by extension 'ignore'
[0.415s] Level 1:colcon.colcon_core.package_identification:_identify(log) ignored
[0.415s] Level 1:colcon.colcon_core.package_identification:_identify(src) by extensions ['ignore', 'ignore_ament_install']
[0.415s] Level 1:colcon.colcon_core.package_identification:_identify(src) by extension 'ignore'
[0.416s] Level 1:colcon.colcon_core.package_identification:_identify(src) by extension 'ignore_ament_install'
[0.416s] Level 1:colcon.colcon_core.package_identification:_identify(src) by extensions ['colcon_pkg']
[0.416s] Level 1:colcon.colcon_core.package_identification:_identify(src) by extension 'colcon_pkg'
[0.416s] Level 1:colcon.colcon_core.package_identification:_identify(src) by extensions ['colcon_meta']
[0.416s] Level 1:colcon.colcon_core.package_identification:_identify(src) by extension 'colcon_meta'
[0.416s] Level 1:colcon.colcon_core.package_identification:_identify(src) by extensions ['ros']
[0.416s] Level 1:colcon.colcon_core.package_identification:_identify(src) by extension 'ros'
[0.416s] Level 1:colcon.colcon_core.package_identification:_identify(src) by extensions ['cmake', 'python']
[0.416s] Level 1:colcon.colcon_core.package_identification:_identify(src) by extension 'cmake'
[0.416s] Level 1:colcon.colcon_core.package_identification:_identify(src) by extension 'python'
[0.416s] Level 1:colcon.colcon_core.package_identification:_identify(src) by extensions ['python_setup_py']
[0.416s] Level 1:colcon.colcon_core.package_identification:_identify(src) by extension 'python_setup_py'
[0.416s] Level 1:colcon.colcon_core.package_identification:_identify(src/rrpr_controller) by extensions ['ignore', 'ignore_ament_install']
[0.416s] Level 1:colcon.colcon_core.package_identification:_identify(src/rrpr_controller) by extension 'ignore'
[0.416s] Level 1:colcon.colcon_core.package_identification:_identify(src/rrpr_controller) by extension 'ignore_ament_install'
[0.416s] Level 1:colcon.colcon_core.package_identification:_identify(src/rrpr_controller) by extensions ['colcon_pkg']
[0.416s] Level 1:colcon.colcon_core.package_identification:_identify(src/rrpr_controller) by extension 'colcon_pkg'
[0.416s] Level 1:colcon.colcon_core.package_identification:_identify(src/rrpr_controller) by extensions ['colcon_meta']
[0.416s] Level 1:colcon.colcon_core.package_identification:_identify(src/rrpr_controller) by extension 'colcon_meta'
[0.416s] Level 1:colcon.colcon_core.package_identification:_identify(src/rrpr_controller) by extensions ['ros']
[0.416s] Level 1:colcon.colcon_core.package_identification:_identify(src/rrpr_controller) by extension 'ros'
[0.419s] DEBUG:colcon.colcon_core.package_identification:Package 'src/rrpr_controller' with type 'ros.ament_python' and name 'rrpr_controller'
[0.419s] Level 1:colcon.colcon_core.package_identification:_identify(src/rrpr_description) by extensions ['ignore', 'ignore_ament_install']
[0.419s] Level 1:colcon.colcon_core.package_identification:_identify(src/rrpr_description) by extension 'ignore'
[0.419s] Level 1:colcon.colcon_core.package_identification:_identify(src/rrpr_description) by extension 'ignore_ament_install'
[0.419s] Level 1:colcon.colcon_core.package_identification:_identify(src/rrpr_description) by extensions ['colcon_pkg']
[0.419s] Level 1:colcon.colcon_core.package_identification:_identify(src/rrpr_description) by extension 'colcon_pkg'
[0.419s] Level 1:colcon.colcon_core.package_identification:_identify(src/rrpr_description) by extensions ['colcon_meta']
[0.419s] Level 1:colcon.colcon_core.package_identification:_identify(src/rrpr_description) by extension 'colcon_meta'
[0.419s] Level 1:colcon.colcon_core.package_identification:_identify(src/rrpr_description) by extensions ['ros']
[0.419s] Level 1:colcon.colcon_core.package_identification:_identify(src/rrpr_description) by extension 'ros'
[0.420s] DEBUG:colcon.colcon_core.package_identification:Package 'src/rrpr_description' with type 'ros.ament_cmake' and name 'rrpr_description'
[0.420s] Level 1:colcon.colcon_core.package_discovery:discover_packages(recursive) using defaults
[0.420s] Level 1:colcon.colcon_core.package_discovery:discover_packages(ignore) discover
[0.420s] Level 1:colcon.colcon_core.package_discovery:discover_packages(ignore) using defaults
[0.420s] Level 1:colcon.colcon_core.package_discovery:discover_packages(path) discover
[0.420s] Level 1:colcon.colcon_core.package_discovery:discover_packages(path) using defaults
[0.452s] Level 1:colcon.colcon_core.package_discovery:discover_packages(prefix_path) check parameters
[0.452s] Level 1:colcon.colcon_core.package_discovery:discover_packages(prefix_path) discover
[0.456s] DEBUG:colcon.colcon_installed_package_information.package_discovery:Found 1 installed packages in /home/user/rrpr_ws/install
[0.456s] DEBUG:colcon.colcon_installed_package_information.package_discovery:Found 276 installed packages in /opt/ros/humble
[0.458s] Level 1:colcon.colcon_core.package_discovery:discover_packages(prefix_path) using defaults
[0.483s] Level 5:colcon.colcon_core.verb:set package 'rrpr_controller' build argument 'cmake_args' from command line to 'None'
[0.483s] Level 5:colcon.colcon_core.verb:set package 'rrpr_controller' build argument 'cmake_target' from command line to 'None'
[0.483s] Level 5:colcon.colcon_core.verb:set package 'rrpr_controller' build argument 'cmake_target_skip_unavailable' from command line to 'False'
[0.483s] Level 5:colcon.colcon_core.verb:set package 'rrpr_controller' build argument 'cmake_clean_cache' from command line to 'False'
[0.483s] Level 5:colcon.colcon_core.verb:set package 'rrpr_controller' build argument 'cmake_clean_first' from command line to 'False'
[0.483s] Level 5:colcon.colcon_core.verb:set package 'rrpr_controller' build argument 'cmake_force_configure' from command line to 'False'
[0.483s] Level 5:colcon.colcon_core.verb:set package 'rrpr_controller' build argument 'ament_cmake_args' from command line to 'None'
[0.483s] Level 5:colcon.colcon_core.verb:set package 'rrpr_controller' build argument 'catkin_cmake_args' from command line to 'None'
[0.483s] Level 5:colcon.colcon_core.verb:set package 'rrpr_controller' build argument 'catkin_skip_building_tests' from command line to 'False'
[0.483s] DEBUG:colcon.colcon_core.verb:Building package 'rrpr_controller' with the following arguments: {'ament_cmake_args': None, 'build_base': '/home/user/rrpr_ws/build/rrpr_controller', 'catkin_cmake_args': None, 'catkin_skip_building_tests': False, 'cmake_args': None, 'cmake_clean_cache': False, 'cmake_clean_first': False, 'cmake_force_configure': False, 'cmake_target': None, 'cmake_target_skip_unavailable': False, 'install_base': '/home/user/rrpr_ws/install/rrpr_controller', 'merge_install': False, 'path': '/home/user/rrpr_ws/src/rrpr_controller', 'symlink_install': False, 'test_result_base': None}
[0.483s] Level 5:colcon.colcon_core.verb:set package 'rrpr_description' build argument 'cmake_args' from command line to 'None'
[0.483s] Level 5:colcon.colcon_core.verb:set package 'rrpr_description' build argument 'cmake_target' from command line to 'None'
[0.483s] Level 5:colcon.colcon_core.verb:set package 'rrpr_description' build argument 'cmake_target_skip_unavailable' from command line to 'False'
[0.483s] Level 5:colcon.colcon_core.verb:set package 'rrpr_description' build argument 'cmake_clean_cache' from command line to 'False'
[0.483s] Level 5:colcon.colcon_core.verb:set package 'rrpr_description' build argument 'cmake_clean_first' from command line to 'False'
[0.483s] Level 5:colcon.colcon_core.verb:set package 'rrpr_description' build argument 'cmake_force_configure' from command line to 'False'
[0.483s] Level 5:colcon.colcon_core.verb:set package 'rrpr_description' build argument 'ament_cmake_args' from command line to 'None'
[0.483s] Level 5:colcon.colcon_core.verb:set package 'rrpr_description' build argument 'catkin_cmake_args' from command line to 'None'
[0.484s] Level 5:colcon.colcon_core.verb:set package 'rrpr_description' build argument 'catkin_skip_building_tests' from command line to 'False'
[0.484s] DEBUG:colcon.colcon_core.verb:Building package 'rrpr_description' with the following arguments: {'ament_cmake_args': None, 'build_base': '/home/user/rrpr_ws/build/rrpr_description', 'catkin_cmake_args': None, 'catkin_skip_building_tests': False, 'cmake_args': None, 'cmake_clean_cache': False, 'cmake_clean_first': False, 'cmake_force_configure': False, 'cmake_target': None, 'cmake_target_skip_unavailable': False, 'install_base': '/home/user/rrpr_ws/install/rrpr_description', 'merge_install': False, 'path': '/home/user/rrpr_ws/src/rrpr_description', 'symlink_install': False, 'test_result_base': None}
[0.484s] INFO:colcon.colcon_core.executor:Executing jobs using 'parallel' executor
[0.485s] DEBUG:colcon.colcon_parallel_executor.executor.parallel:run_until_complete
[0.485s] INFO:colcon.colcon_ros.task.ament_python.build:Building ROS package in '/home/user/rrpr_ws/src/rrpr_controller' with build type 'ament_python'
[0.485s] Level 1:colcon.colcon_core.shell:create_environment_hook('rrpr_controller', 'ament_prefix_path')
[0.492s] INFO:colcon.colcon_core.plugin_system:Skipping extension 'colcon_core.shell.bat': Not used on non-Windows systems
[0.492s] INFO:colcon.colcon_core.shell:Creating environment hook '/home/user/rrpr_ws/install/rrpr_controller/share/rrpr_controller/hook/ament_prefix_path.ps1'
[0.493s] INFO:colcon.colcon_core.shell:Creating environment descriptor '/home/user/rrpr_ws/install/rrpr_controller/share/rrpr_controller/hook/ament_prefix_path.dsv'
[0.493s] INFO:colcon.colcon_core.shell:Creating environment hook '/home/user/rrpr_ws/install/rrpr_controller/share/rrpr_controller/hook/ament_prefix_path.sh'
[0.494s] INFO:colcon.colcon_core.shell:Skip shell extension 'powershell' for command environment: Not usable outside of PowerShell
[0.494s] DEBUG:colcon.colcon_core.shell:Skip shell extension 'dsv' for command environment
[0.497s] INFO:colcon.colcon_ros.task.ament_cmake.build:Building ROS package in '/home/user/rrpr_ws/src/rrpr_description' with build type 'ament_cmake'
[0.497s] INFO:colcon.colcon_cmake.task.cmake.build:Building CMake package in '/home/user/rrpr_ws/src/rrpr_description'
[0.497s] INFO:colcon.colcon_core.shell:Skip shell extension 'powershell' for command environment: Not usable outside of PowerShell
[0.497s] DEBUG:colcon.colcon_core.shell:Skip shell extension 'dsv' for command environment
[0.670s] INFO:colcon.colcon_core.task.python.build:Building Python package in '/home/user/rrpr_ws/src/rrpr_controller'
[0.670s] INFO:colcon.colcon_core.shell:Skip shell extension 'powershell' for command environment: Not usable outside of PowerShell
[0.670s] DEBUG:colcon.colcon_core.shell:Skip shell extension 'dsv' for command environment
[0.678s] DEBUG:colcon.colcon_core.event_handler.log_command:Invoking command in '/home/user/rrpr_ws/build/rrpr_description': CMAKE_PREFIX_PATH=${CMAKE_PREFIX_PATH}:/opt/ros/humble /usr/bin/cmake --build /home/user/rrpr_ws/build/rrpr_description -- -j4 -l4
[0.752s] DEBUG:colcon.colcon_core.event_handler.log_command:Invoked command in '/home/user/rrpr_ws/build/rrpr_description' returned '0': CMAKE_PREFIX_PATH=${CMAKE_PREFIX_PATH}:/opt/ros/humble /usr/bin/cmake --build /home/user/rrpr_ws/build/rrpr_description -- -j4 -l4
[0.758s] DEBUG:colcon.colcon_core.event_handler.log_command:Invoking command in '/home/user/rrpr_ws/build/rrpr_description': CMAKE_PREFIX_PATH=${CMAKE_PREFIX_PATH}:/opt/ros/humble /usr/bin/cmake --install /home/user/rrpr_ws/build/rrpr_description
[0.767s] Level 1:colcon.colcon_core.environment:create_environment_scripts_only(rrpr_description)
[0.768s] DEBUG:colcon.colcon_core.event_handler.log_command:Invoked command in '/home/user/rrpr_ws/build/rrpr_description' returned '0': CMAKE_PREFIX_PATH=${CMAKE_PREFIX_PATH}:/opt/ros/humble /usr/bin/cmake --install /home/user/rrpr_ws/build/rrpr_description
[0.774s] Level 1:colcon.colcon_core.environment:checking '/home/user/rrpr_ws/install/rrpr_description' for CMake module files
[0.775s] Level 1:colcon.colcon_core.environment:checking '/home/user/rrpr_ws/install/rrpr_description' for CMake config files
[0.775s] Level 1:colcon.colcon_core.shell:create_environment_hook('rrpr_description', 'cmake_prefix_path')
[0.775s] INFO:colcon.colcon_core.shell:Creating environment hook '/home/user/rrpr_ws/install/rrpr_description/share/rrpr_description/hook/cmake_prefix_path.ps1'
[0.776s] INFO:colcon.colcon_core.shell:Creating environment descriptor '/home/user/rrpr_ws/install/rrpr_description/share/rrpr_description/hook/cmake_prefix_path.dsv'
[0.776s] INFO:colcon.colcon_core.shell:Creating environment hook '/home/user/rrpr_ws/install/rrpr_description/share/rrpr_description/hook/cmake_prefix_path.sh'
[0.776s] Level 1:colcon.colcon_core.environment:checking '/home/user/rrpr_ws/install/rrpr_description/bin'
[0.776s] Level 1:colcon.colcon_core.environment:checking '/home/user/rrpr_ws/install/rrpr_description/lib/pkgconfig/rrpr_description.pc'
[0.777s] Level 1:colcon.colcon_core.environment:checking '/home/user/rrpr_ws/install/rrpr_description/lib/python3.10/site-packages'
[0.777s] Level 1:colcon.colcon_core.environment:checking '/home/user/rrpr_ws/install/rrpr_description/bin'
[0.777s] INFO:colcon.colcon_core.shell:Creating package script '/home/user/rrpr_ws/install/rrpr_description/share/rrpr_description/package.ps1'
[0.778s] INFO:colcon.colcon_core.shell:Creating package descriptor '/home/user/rrpr_ws/install/rrpr_description/share/rrpr_description/package.dsv'
[0.778s] INFO:colcon.colcon_core.shell:Creating package script '/home/user/rrpr_ws/install/rrpr_description/share/rrpr_description/package.sh'
[0.779s] INFO:colcon.colcon_core.shell:Creating package script '/home/user/rrpr_ws/install/rrpr_description/share/rrpr_description/package.bash'
[0.780s] INFO:colcon.colcon_core.shell:Creating package script '/home/user/rrpr_ws/install/rrpr_description/share/rrpr_description/package.zsh'
[0.781s] Level 1:colcon.colcon_core.environment:create_file_with_runtime_dependencies(/home/user/rrpr_ws/install/rrpr_description/share/colcon-core/packages/rrpr_description)
[0.781s] Level 1:colcon.colcon_core.environment:create_environment_scripts_only(rrpr_description)
[0.781s] Level 1:colcon.colcon_core.environment:checking '/home/user/rrpr_ws/install/rrpr_description' for CMake module files
[0.782s] Level 1:colcon.colcon_core.environment:checking '/home/user/rrpr_ws/install/rrpr_description' for CMake config files
[0.782s] Level 1:colcon.colcon_core.shell:create_environment_hook('rrpr_description', 'cmake_prefix_path')
[0.782s] INFO:colcon.colcon_core.shell:Creating environment hook '/home/user/rrpr_ws/install/rrpr_description/share/rrpr_description/hook/cmake_prefix_path.ps1'
[0.782s] INFO:colcon.colcon_core.shell:Creating environment descriptor '/home/user/rrpr_ws/install/rrpr_description/share/rrpr_description/hook/cmake_prefix_path.dsv'
[0.782s] INFO:colcon.colcon_core.shell:Creating environment hook '/home/user/rrpr_ws/install/rrpr_description/share/rrpr_description/hook/cmake_prefix_path.sh'
[0.783s] Level 1:colcon.colcon_core.environment:checking '/home/user/rrpr_ws/install/rrpr_description/bin'
[0.783s] Level 1:colcon.colcon_core.environment:checking '/home/user/rrpr_ws/install/rrpr_description/lib/pkgconfig/rrpr_description.pc'
[0.783s] Level 1:colcon.colcon_core.environment:checking '/home/user/rrpr_ws/install/rrpr_description/lib/python3.10/site-packages'
[0.783s] Level 1:colcon.colcon_core.environment:checking '/home/user/rrpr_ws/install/rrpr_description/bin'
[0.783s] INFO:colcon.colcon_core.shell:Creating package script '/home/user/rrpr_ws/install/rrpr_description/share/rrpr_description/package.ps1'
[0.784s] INFO:colcon.colcon_core.shell:Creating package descriptor '/home/user/rrpr_ws/install/rrpr_description/share/rrpr_description/package.dsv'
[0.784s] INFO:colcon.colcon_core.shell:Creating package script '/home/user/rrpr_ws/install/rrpr_description/share/rrpr_description/package.sh'
[0.784s] INFO:colcon.colcon_core.shell:Creating package script '/home/user/rrpr_ws/install/rrpr_description/share/rrpr_description/package.bash'
[0.785s] INFO:colcon.colcon_core.shell:Creating package script '/home/user/rrpr_ws/install/rrpr_description/share/rrpr_description/package.zsh'
[0.785s] Level 1:colcon.colcon_core.environment:create_file_with_runtime_dependencies(/home/user/rrpr_ws/install/rrpr_description/share/colcon-core/packages/rrpr_description)
[0.942s] DEBUG:colcon.colcon_core.event_handler.log_command:Invoking command in '/home/user/rrpr_ws/src/rrpr_controller': PYTHONPATH=/home/user/rrpr_ws/build/rrpr_controller/prefix_override:/usr/lib/python3/dist-packages/colcon_core/task/python/colcon_distutils_commands:/home/user/rrpr_ws/install/rrpr_controller/lib/python3.10/site-packages:${PYTHONPATH} /usr/bin/python3 -W ignore:setup.py install is deprecated -W ignore:easy_install command is deprecated setup.py egg_info --egg-base ../../build/rrpr_controller build --build-base /home/user/rrpr_ws/build/rrpr_controller/build install --record /home/user/rrpr_ws/build/rrpr_controller/install.log --single-version-externally-managed install_data
[1.132s] Level 1:colcon.colcon_core.environment:checking '/home/user/rrpr_ws/install/rrpr_controller' for CMake module files
[1.132s] DEBUG:colcon.colcon_core.event_handler.log_command:Invoked command in '/home/user/rrpr_ws/src/rrpr_controller' returned '0': PYTHONPATH=/home/user/rrpr_ws/build/rrpr_controller/prefix_override:/usr/lib/python3/dist-packages/colcon_core/task/python/colcon_distutils_commands:/home/user/rrpr_ws/install/rrpr_controller/lib/python3.10/site-packages:${PYTHONPATH} /usr/bin/python3 -W ignore:setup.py install is deprecated -W ignore:easy_install command is deprecated setup.py egg_info --egg-base ../../build/rrpr_controller build --build-base /home/user/rrpr_ws/build/rrpr_controller/build install --record /home/user/rrpr_ws/build/rrpr_controller/install.log --single-version-externally-managed install_data
[1.133s] Level 1:colcon.colcon_core.environment:checking '/home/user/rrpr_ws/install/rrpr_controller' for CMake config files
[1.133s] Level 1:colcon.colcon_core.environment:checking '/home/user/rrpr_ws/install/rrpr_controller/lib'
[1.134s] Level 1:colcon.colcon_core.environment:checking '/home/user/rrpr_ws/install/rrpr_controller/bin'
[1.134s] Level 1:colcon.colcon_core.environment:checking '/home/user/rrpr_ws/install/rrpr_controller/lib/pkgconfig/rrpr_controller.pc'
[1.135s] Level 1:colcon.colcon_core.environment:checking '/home/user/rrpr_ws/install/rrpr_controller/lib/python3.10/site-packages'
[1.135s] Level 1:colcon.colcon_core.shell:create_environment_hook('rrpr_controller', 'pythonpath')
[1.135s] INFO:colcon.colcon_core.shell:Creating environment hook '/home/user/rrpr_ws/install/rrpr_controller/share/rrpr_controller/hook/pythonpath.ps1'
[1.135s] INFO:colcon.colcon_core.shell:Creating environment descriptor '/home/user/rrpr_ws/install/rrpr_controller/share/rrpr_controller/hook/pythonpath.dsv'
[1.135s] INFO:colcon.colcon_core.shell:Creating environment hook '/home/user/rrpr_ws/install/rrpr_controller/share/rrpr_controller/hook/pythonpath.sh'
[1.136s] Level 1:colcon.colcon_core.environment:checking '/home/user/rrpr_ws/install/rrpr_controller/bin'
[1.136s] Level 1:colcon.colcon_core.environment:create_environment_scripts_only(rrpr_controller)
[1.136s] INFO:colcon.colcon_core.shell:Creating package script '/home/user/rrpr_ws/install/rrpr_controller/share/rrpr_controller/package.ps1'
[1.136s] INFO:colcon.colcon_core.shell:Creating package descriptor '/home/user/rrpr_ws/install/rrpr_controller/share/rrpr_controller/package.dsv'
[1.136s] INFO:colcon.colcon_core.shell:Creating package script '/home/user/rrpr_ws/install/rrpr_controller/share/rrpr_controller/package.sh'
[1.137s] INFO:colcon.colcon_core.shell:Creating package script '/home/user/rrpr_ws/install/rrpr_controller/share/rrpr_controller/package.bash'
[1.137s] INFO:colcon.colcon_core.shell:Creating package script '/home/user/rrpr_ws/install/rrpr_controller/share/rrpr_controller/package.zsh'
[1.137s] Level 1:colcon.colcon_core.environment:create_file_with_runtime_dependencies(/home/user/rrpr_ws/install/rrpr_controller/share/colcon-core/packages/rrpr_controller)
[1.137s] DEBUG:colcon.colcon_parallel_executor.executor.parallel:closing loop
[1.138s] DEBUG:colcon.colcon_parallel_executor.executor.parallel:loop closed
[1.138s] DEBUG:colcon.colcon_parallel_executor.executor.parallel:run_until_complete finished with '0'
[1.138s] DEBUG:colcon.colcon_core.event_reactor:joining thread
[1.143s] INFO:colcon.colcon_core.plugin_system:Skipping extension 'colcon_notification.desktop_notification.terminal_notifier': Not used on non-Darwin systems
[1.143s] INFO:colcon.colcon_core.plugin_system:Skipping extension 'colcon_notification.desktop_notification.win32': Not used on non-Windows systems
[1.143s] INFO:colcon.colcon_notification.desktop_notification:Sending desktop notification using 'notify2'
[1.163s] DEBUG:colcon.colcon_core.event_reactor:joined thread
[1.163s] INFO:colcon.colcon_core.shell:Creating prefix script '/home/user/rrpr_ws/install/local_setup.ps1'
[1.164s] INFO:colcon.colcon_core.shell:Creating prefix util module '/home/user/rrpr_ws/install/_local_setup_util_ps1.py'
[1.165s] INFO:colcon.colcon_core.shell:Creating prefix chain script '/home/user/rrpr_ws/install/setup.ps1'
[1.166s] INFO:colcon.colcon_core.shell:Creating prefix script '/home/user/rrpr_ws/install/local_setup.sh'
[1.167s] INFO:colcon.colcon_core.shell:Creating prefix util module '/home/user/rrpr_ws/install/_local_setup_util_sh.py'
[1.168s] INFO:colcon.colcon_core.shell:Creating prefix chain script '/home/user/rrpr_ws/install/setup.sh'
[1.169s] INFO:colcon.colcon_core.shell:Creating prefix script '/home/user/rrpr_ws/install/local_setup.bash'
[1.170s] INFO:colcon.colcon_core.shell:Creating prefix chain script '/home/user/rrpr_ws/install/setup.bash'
[1.170s] INFO:colcon.colcon_core.shell:Creating prefix script '/home/user/rrpr_ws/install/local_setup.zsh'
[1.171s] INFO:colcon.colcon_core.shell:Creating prefix chain script '/home/user/rrpr_ws/install/setup.zsh'
